[2024-04-29T12:13:07.645+0000] {taskinstance.py:1979} INFO - Dependencies all met for dep_context=non-requeueable deps ti=<TaskInstance: customer_metrics.write_to_staging scheduled__2024-04-28T00:00:00+00:00 [queued]>
[2024-04-29T12:13:07.651+0000] {taskinstance.py:1979} INFO - Dependencies all met for dep_context=requeueable deps ti=<TaskInstance: customer_metrics.write_to_staging scheduled__2024-04-28T00:00:00+00:00 [queued]>
[2024-04-29T12:13:07.652+0000] {taskinstance.py:2193} INFO - Starting attempt 1 of 1
[2024-04-29T12:13:07.661+0000] {taskinstance.py:2214} INFO - Executing <Task(AirbyteTriggerSyncOperator): write_to_staging> on 2024-04-28 00:00:00+00:00
[2024-04-29T12:13:07.667+0000] {standard_task_runner.py:60} INFO - Started process 3102 to run task
[2024-04-29T12:13:07.668+0000] {standard_task_runner.py:87} INFO - Running: ['airflow', 'tasks', 'run', 'customer_metrics', 'write_to_staging', 'scheduled__2024-04-28T00:00:00+00:00', '--job-id', '12', '--raw', '--subdir', 'DAGS_FOLDER/customer_metrics.py', '--cfg-path', '/tmp/tmpz_2vanx3']
[2024-04-29T12:13:07.670+0000] {standard_task_runner.py:88} INFO - Job 12: Subtask write_to_staging
[2024-04-29T12:13:07.702+0000] {task_command.py:423} INFO - Running <TaskInstance: customer_metrics.write_to_staging scheduled__2024-04-28T00:00:00+00:00 [running]> on host 925dffa277c3
[2024-04-29T12:13:07.758+0000] {taskinstance.py:2510} INFO - Exporting env vars: AIRFLOW_CTX_DAG_OWNER='airflow' AIRFLOW_CTX_DAG_ID='customer_metrics' AIRFLOW_CTX_TASK_ID='write_to_staging' AIRFLOW_CTX_EXECUTION_DATE='2024-04-28T00:00:00+00:00' AIRFLOW_CTX_TRY_NUMBER='1' AIRFLOW_CTX_DAG_RUN_ID='scheduled__2024-04-28T00:00:00+00:00'
[2024-04-29T12:13:07.765+0000] {base.py:83} INFO - Using connection ID 'airbyte' for task execution.
[2024-04-29T12:13:08.109+0000] {airbyte.py:86} INFO - Job 29 was submitted to Airbyte Server
[2024-04-29T12:13:08.109+0000] {airbyte.py:88} INFO - Waiting for job 29 to complete
[2024-04-29T12:13:11.117+0000] {base.py:83} INFO - Using connection ID 'airbyte' for task execution.
[2024-04-29T12:13:14.135+0000] {base.py:83} INFO - Using connection ID 'airbyte' for task execution.
[2024-04-29T12:13:17.151+0000] {base.py:83} INFO - Using connection ID 'airbyte' for task execution.
[2024-04-29T12:13:20.168+0000] {base.py:83} INFO - Using connection ID 'airbyte' for task execution.
[2024-04-29T12:13:23.185+0000] {base.py:83} INFO - Using connection ID 'airbyte' for task execution.
[2024-04-29T12:13:26.204+0000] {base.py:83} INFO - Using connection ID 'airbyte' for task execution.
[2024-04-29T12:13:29.227+0000] {base.py:83} INFO - Using connection ID 'airbyte' for task execution.
[2024-04-29T12:13:29.238+0000] {airbyte.py:112} INFO - Job 29 completed successfully
[2024-04-29T12:13:29.256+0000] {taskinstance.py:1149} INFO - Marking task as SUCCESS. dag_id=customer_metrics, task_id=write_to_staging, execution_date=20240428T000000, start_date=20240429T121307, end_date=20240429T121329
[2024-04-29T12:13:29.300+0000] {local_task_job_runner.py:234} INFO - Task exited with return code 0
[2024-04-29T12:13:29.319+0000] {taskinstance.py:3309} INFO - 1 downstream tasks scheduled from follow-on schedule check
