[2024-04-29T12:23:24.936+0000] {taskinstance.py:1979} INFO - Dependencies all met for dep_context=non-requeueable deps ti=<TaskInstance: customer_metrics.write_to_staging manual__2024-04-29T12:23:03.265543+00:00 [queued]>
[2024-04-29T12:23:24.941+0000] {taskinstance.py:1979} INFO - Dependencies all met for dep_context=requeueable deps ti=<TaskInstance: customer_metrics.write_to_staging manual__2024-04-29T12:23:03.265543+00:00 [queued]>
[2024-04-29T12:23:24.941+0000] {taskinstance.py:2193} INFO - Starting attempt 1 of 1
[2024-04-29T12:23:24.951+0000] {taskinstance.py:2214} INFO - Executing <Task(AirbyteTriggerSyncOperator): write_to_staging> on 2024-04-29 12:23:03.265543+00:00
[2024-04-29T12:23:24.955+0000] {standard_task_runner.py:60} INFO - Started process 6490 to run task
[2024-04-29T12:23:24.957+0000] {standard_task_runner.py:87} INFO - Running: ['airflow', 'tasks', 'run', 'customer_metrics', 'write_to_staging', 'manual__2024-04-29T12:23:03.265543+00:00', '--job-id', '32', '--raw', '--subdir', 'DAGS_FOLDER/customer_metrics.py', '--cfg-path', '/tmp/tmpv5kzsibr']
[2024-04-29T12:23:24.958+0000] {standard_task_runner.py:88} INFO - Job 32: Subtask write_to_staging
[2024-04-29T12:23:24.989+0000] {task_command.py:423} INFO - Running <TaskInstance: customer_metrics.write_to_staging manual__2024-04-29T12:23:03.265543+00:00 [running]> on host 925dffa277c3
[2024-04-29T12:23:25.040+0000] {taskinstance.py:2510} INFO - Exporting env vars: AIRFLOW_CTX_DAG_OWNER='airflow' AIRFLOW_CTX_DAG_ID='customer_metrics' AIRFLOW_CTX_TASK_ID='write_to_staging' AIRFLOW_CTX_EXECUTION_DATE='2024-04-29T12:23:03.265543+00:00' AIRFLOW_CTX_TRY_NUMBER='1' AIRFLOW_CTX_DAG_RUN_ID='manual__2024-04-29T12:23:03.265543+00:00'
[2024-04-29T12:23:25.046+0000] {base.py:83} INFO - Using connection ID 'airbyte' for task execution.
[2024-04-29T12:23:25.441+0000] {airbyte.py:86} INFO - Job 35 was submitted to Airbyte Server
[2024-04-29T12:23:25.442+0000] {airbyte.py:88} INFO - Waiting for job 35 to complete
[2024-04-29T12:23:28.451+0000] {base.py:83} INFO - Using connection ID 'airbyte' for task execution.
[2024-04-29T12:23:31.465+0000] {base.py:83} INFO - Using connection ID 'airbyte' for task execution.
[2024-04-29T12:23:34.491+0000] {base.py:83} INFO - Using connection ID 'airbyte' for task execution.
[2024-04-29T12:23:37.519+0000] {base.py:83} INFO - Using connection ID 'airbyte' for task execution.
[2024-04-29T12:23:40.544+0000] {base.py:83} INFO - Using connection ID 'airbyte' for task execution.
[2024-04-29T12:23:43.564+0000] {base.py:83} INFO - Using connection ID 'airbyte' for task execution.
[2024-04-29T12:23:46.583+0000] {base.py:83} INFO - Using connection ID 'airbyte' for task execution.
[2024-04-29T12:23:46.613+0000] {airbyte.py:112} INFO - Job 35 completed successfully
[2024-04-29T12:23:46.634+0000] {taskinstance.py:1149} INFO - Marking task as SUCCESS. dag_id=customer_metrics, task_id=write_to_staging, execution_date=20240429T122303, start_date=20240429T122324, end_date=20240429T122346
[2024-04-29T12:23:46.682+0000] {local_task_job_runner.py:234} INFO - Task exited with return code 0
[2024-04-29T12:23:46.701+0000] {taskinstance.py:3309} INFO - 1 downstream tasks scheduled from follow-on schedule check
