[2024-04-30T00:27:08.995+0000] {taskinstance.py:1979} INFO - Dependencies all met for dep_context=non-requeueable deps ti=<TaskInstance: customer_metrics.audit_customer_transactions scheduled__2024-04-29T00:00:00+00:00 [queued]>
[2024-04-30T00:27:09.103+0000] {taskinstance.py:1979} INFO - Dependencies all met for dep_context=requeueable deps ti=<TaskInstance: customer_metrics.audit_customer_transactions scheduled__2024-04-29T00:00:00+00:00 [queued]>
[2024-04-30T00:27:09.103+0000] {taskinstance.py:2193} INFO - Starting attempt 1 of 1
[2024-04-30T00:27:09.113+0000] {taskinstance.py:2214} INFO - Executing <Task(_PythonExternalDecoratedOperator): audit_customer_transactions> on 2024-04-29 00:00:00+00:00
[2024-04-30T00:27:09.117+0000] {standard_task_runner.py:60} INFO - Started process 794 to run task
[2024-04-30T00:27:09.119+0000] {standard_task_runner.py:87} INFO - Running: ['airflow', 'tasks', 'run', 'customer_metrics', 'audit_customer_transactions', 'scheduled__2024-04-29T00:00:00+00:00', '--job-id', '49', '--raw', '--subdir', 'DAGS_FOLDER/customer_metrics.py', '--cfg-path', '/tmp/tmpq4q_d3o1']
[2024-04-30T00:27:09.120+0000] {standard_task_runner.py:88} INFO - Job 49: Subtask audit_customer_transactions
[2024-04-30T00:27:09.149+0000] {task_command.py:423} INFO - Running <TaskInstance: customer_metrics.audit_customer_transactions scheduled__2024-04-29T00:00:00+00:00 [running]> on host 925dffa277c3
[2024-04-30T00:27:09.200+0000] {taskinstance.py:2510} INFO - Exporting env vars: AIRFLOW_CTX_DAG_OWNER='airflow' AIRFLOW_CTX_DAG_ID='customer_metrics' AIRFLOW_CTX_TASK_ID='audit_customer_transactions' AIRFLOW_CTX_EXECUTION_DATE='2024-04-29T00:00:00+00:00' AIRFLOW_CTX_TRY_NUMBER='1' AIRFLOW_CTX_DAG_RUN_ID='scheduled__2024-04-29T00:00:00+00:00'
[2024-04-30T00:27:09.225+0000] {python.py:913} WARNING - When checking for Airflow installed in virtual environment got Command '['/opt/airflow/soda_venv/bin/python', '-c', 'from airflow import __version__; print(__version__)']' returned non-zero exit status 1.
[2024-04-30T00:27:09.226+0000] {python.py:914} WARNING - This means that Airflow is not properly installed by  /opt/airflow/soda_venv/bin/python. Airflow context keys will not be available. Please Install Airflow 2.8.2 in your environment to access them.
[2024-04-30T00:27:09.269+0000] {process_utils.py:182} INFO - Executing cmd: /opt/airflow/soda_venv/bin/python /tmp/venv-callwujuwye3/script.py /tmp/venv-callwujuwye3/script.in /tmp/venv-callwujuwye3/script.out /tmp/venv-callwujuwye3/string_args.txt /tmp/venv-callwujuwye3/termination.log
[2024-04-30T00:27:09.276+0000] {process_utils.py:186} INFO - Output:
[2024-04-30T00:27:14.146+0000] {process_utils.py:190} INFO - Running Soda Scan ...
[2024-04-30T00:27:14.147+0000] {process_utils.py:190} INFO - INFO   | Soda Core 3.2.2
[2024-04-30T00:27:14.147+0000] {process_utils.py:190} INFO - DEBUG  | Reading configuration file "include/soda/configuration.yml"
[2024-04-30T00:27:14.148+0000] {process_utils.py:190} INFO - DEBUG  | Reading SodaCL file "include/soda/checks/tables/labeled_transactions.yml"
[2024-04-30T00:27:14.148+0000] {process_utils.py:190} INFO - DEBUG  | Reading SodaCL file "include/soda/checks/tables/customer_transactions.yml"
[2024-04-30T00:27:14.148+0000] {process_utils.py:190} INFO - DEBUG  | Scan execution starts
[2024-04-30T00:27:14.149+0000] {process_utils.py:190} INFO - DEBUG  | Query staging.labeled_transactions.aggregation[0]:
[2024-04-30T00:27:14.149+0000] {process_utils.py:190} INFO - SELECT
[2024-04-30T00:27:14.149+0000] {process_utils.py:190} INFO -   COUNT(*),
[2024-04-30T00:27:14.150+0000] {process_utils.py:190} INFO -   COUNT(CASE WHEN transaction_id IS NULL THEN 1 END),
[2024-04-30T00:27:14.150+0000] {process_utils.py:190} INFO -   COUNT(CASE WHEN is_fraudulent IS NULL THEN 1 END)
[2024-04-30T00:27:14.150+0000] {process_utils.py:190} INFO - FROM AIRBYTE_DATABASE.STAGING.labeled_transactions
[2024-04-30T00:27:14.151+0000] {process_utils.py:190} INFO - DEBUG  | Query staging.labeled_transactions.transaction_id.duplicate_count:
[2024-04-30T00:27:14.151+0000] {process_utils.py:190} INFO - 
[2024-04-30T00:27:14.151+0000] {process_utils.py:190} INFO - WITH frequencies AS (
[2024-04-30T00:27:14.151+0000] {process_utils.py:190} INFO -     SELECT COUNT(*) AS frequency
[2024-04-30T00:27:14.152+0000] {process_utils.py:190} INFO -     FROM AIRBYTE_DATABASE.STAGING.labeled_transactions
[2024-04-30T00:27:14.152+0000] {process_utils.py:190} INFO -     WHERE transaction_id IS NOT NULL
[2024-04-30T00:27:14.152+0000] {process_utils.py:190} INFO -     GROUP BY transaction_id)
[2024-04-30T00:27:14.152+0000] {process_utils.py:190} INFO - SELECT COUNT(*)
[2024-04-30T00:27:14.153+0000] {process_utils.py:190} INFO - FROM frequencies
[2024-04-30T00:27:14.153+0000] {process_utils.py:190} INFO - WHERE frequency > 1
[2024-04-30T00:27:14.153+0000] {process_utils.py:190} INFO - DEBUG  | Query staging.labeled_transactions.duplicate_count[transaction_id].failed_rows.aggregated:
[2024-04-30T00:27:14.154+0000] {process_utils.py:190} INFO - 
[2024-04-30T00:27:14.154+0000] {process_utils.py:190} INFO - WITH frequencies AS (
[2024-04-30T00:27:14.154+0000] {process_utils.py:190} INFO -     SELECT transaction_id, COUNT(*) AS frequency
[2024-04-30T00:27:14.154+0000] {process_utils.py:190} INFO -     FROM AIRBYTE_DATABASE.STAGING.labeled_transactions
[2024-04-30T00:27:14.155+0000] {process_utils.py:190} INFO -     WHERE transaction_id IS NOT NULL
[2024-04-30T00:27:14.155+0000] {process_utils.py:190} INFO -     GROUP BY transaction_id)
[2024-04-30T00:27:14.155+0000] {process_utils.py:190} INFO - SELECT *
[2024-04-30T00:27:14.155+0000] {process_utils.py:190} INFO - FROM frequencies
[2024-04-30T00:27:14.156+0000] {process_utils.py:190} INFO - WHERE frequency > 1
[2024-04-30T00:27:14.156+0000] {process_utils.py:190} INFO - ORDER BY frequency DESC
[2024-04-30T00:27:14.156+0000] {process_utils.py:190} INFO - LIMIT 100
[2024-04-30T00:27:14.156+0000] {process_utils.py:190} INFO - DEBUG  | Query staging.customer_transactions.aggregation[0]:
[2024-04-30T00:27:14.157+0000] {process_utils.py:190} INFO - SELECT
[2024-04-30T00:27:14.157+0000] {process_utils.py:190} INFO -   COUNT(*),
[2024-04-30T00:27:14.157+0000] {process_utils.py:190} INFO -   COUNT(CASE WHEN transaction_id IS NULL THEN 1 END),
[2024-04-30T00:27:14.157+0000] {process_utils.py:190} INFO -   COUNT(CASE WHEN user_id IS NULL THEN 1 END),
[2024-04-30T00:27:14.158+0000] {process_utils.py:190} INFO -   COUNT(CASE WHEN transaction_date IS NULL THEN 1 END),
[2024-04-30T00:27:14.158+0000] {process_utils.py:190} INFO -   COUNT(CASE WHEN amount IS NULL THEN 1 END)
[2024-04-30T00:27:14.158+0000] {process_utils.py:190} INFO - FROM AIRBYTE_DATABASE.STAGING.customer_transactions
[2024-04-30T00:27:14.158+0000] {process_utils.py:190} INFO - DEBUG  | Query staging.customer_transactions.transaction_id.duplicate_count:
[2024-04-30T00:27:14.159+0000] {process_utils.py:190} INFO - 
[2024-04-30T00:27:14.159+0000] {process_utils.py:190} INFO - WITH frequencies AS (
[2024-04-30T00:27:14.159+0000] {process_utils.py:190} INFO -     SELECT COUNT(*) AS frequency
[2024-04-30T00:27:14.159+0000] {process_utils.py:190} INFO -     FROM AIRBYTE_DATABASE.STAGING.customer_transactions
[2024-04-30T00:27:14.160+0000] {process_utils.py:190} INFO -     WHERE transaction_id IS NOT NULL
[2024-04-30T00:27:14.160+0000] {process_utils.py:190} INFO -     GROUP BY transaction_id)
[2024-04-30T00:27:14.160+0000] {process_utils.py:190} INFO - SELECT COUNT(*)
[2024-04-30T00:27:14.160+0000] {process_utils.py:190} INFO - FROM frequencies
[2024-04-30T00:27:14.161+0000] {process_utils.py:190} INFO - WHERE frequency > 1
[2024-04-30T00:27:14.161+0000] {process_utils.py:190} INFO - DEBUG  | Query staging.customer_transactions.duplicate_count[transaction_id].failed_rows.aggregated:
[2024-04-30T00:27:14.161+0000] {process_utils.py:190} INFO - 
[2024-04-30T00:27:14.161+0000] {process_utils.py:190} INFO - WITH frequencies AS (
[2024-04-30T00:27:14.162+0000] {process_utils.py:190} INFO -     SELECT transaction_id, COUNT(*) AS frequency
[2024-04-30T00:27:14.162+0000] {process_utils.py:190} INFO -     FROM AIRBYTE_DATABASE.STAGING.customer_transactions
[2024-04-30T00:27:14.162+0000] {process_utils.py:190} INFO -     WHERE transaction_id IS NOT NULL
[2024-04-30T00:27:14.162+0000] {process_utils.py:190} INFO -     GROUP BY transaction_id)
[2024-04-30T00:27:14.163+0000] {process_utils.py:190} INFO - SELECT *
[2024-04-30T00:27:14.163+0000] {process_utils.py:190} INFO - FROM frequencies
[2024-04-30T00:27:14.163+0000] {process_utils.py:190} INFO - WHERE frequency > 1
[2024-04-30T00:27:14.163+0000] {process_utils.py:190} INFO - ORDER BY frequency DESC
[2024-04-30T00:27:14.164+0000] {process_utils.py:190} INFO - LIMIT 100
[2024-04-30T00:27:14.164+0000] {process_utils.py:190} INFO - DEBUG  | Query staging.labeled_transactions.schema[labeled_transactions]:
[2024-04-30T00:27:14.164+0000] {process_utils.py:190} INFO - SELECT column_name, data_type, is_nullable
[2024-04-30T00:27:14.164+0000] {process_utils.py:190} INFO - FROM information_schema.columns
[2024-04-30T00:27:14.165+0000] {process_utils.py:190} INFO - WHERE upper(table_name) = 'LABELED_TRANSACTIONS'
[2024-04-30T00:27:14.165+0000] {process_utils.py:190} INFO -   AND upper(table_catalog) = 'AIRBYTE_DATABASE'
[2024-04-30T00:27:14.165+0000] {process_utils.py:190} INFO -   AND upper(table_schema) = 'STAGING'
[2024-04-30T00:27:14.165+0000] {process_utils.py:190} INFO - ORDER BY ORDINAL_POSITION
[2024-04-30T00:27:14.166+0000] {process_utils.py:190} INFO - DEBUG  | Query staging.reference[transaction_id]:
[2024-04-30T00:27:14.166+0000] {process_utils.py:190} INFO - 
[2024-04-30T00:27:14.166+0000] {process_utils.py:190} INFO - SELECT COUNT(*)
[2024-04-30T00:27:14.166+0000] {process_utils.py:190} INFO -     FROM AIRBYTE_DATABASE.STAGING.labeled_transactions  SOURCE
[2024-04-30T00:27:14.167+0000] {process_utils.py:190} INFO -     LEFT JOIN AIRBYTE_DATABASE.STAGING.customer_transactions TARGET on SOURCE.transaction_id = TARGET.transaction_id
[2024-04-30T00:27:14.167+0000] {process_utils.py:190} INFO - WHERE (SOURCE.transaction_id IS NOT NULL AND TARGET.transaction_id IS  NULL)
[2024-04-30T00:27:14.167+0000] {process_utils.py:190} INFO - DEBUG  | Query staging.customer_transactions.schema[customer_transactions]:
[2024-04-30T00:27:14.167+0000] {process_utils.py:190} INFO - SELECT column_name, data_type, is_nullable
[2024-04-30T00:27:14.168+0000] {process_utils.py:190} INFO - FROM information_schema.columns
[2024-04-30T00:27:14.168+0000] {process_utils.py:190} INFO - WHERE upper(table_name) = 'CUSTOMER_TRANSACTIONS'
[2024-04-30T00:27:14.168+0000] {process_utils.py:190} INFO -   AND upper(table_catalog) = 'AIRBYTE_DATABASE'
[2024-04-30T00:27:14.168+0000] {process_utils.py:190} INFO -   AND upper(table_schema) = 'STAGING'
[2024-04-30T00:27:14.168+0000] {process_utils.py:190} INFO - ORDER BY ORDINAL_POSITION
[2024-04-30T00:27:14.169+0000] {process_utils.py:190} INFO - INFO   | Scan summary:
[2024-04-30T00:27:14.169+0000] {process_utils.py:190} INFO - DEBUG  | 9/9 queries OK
[2024-04-30T00:27:14.170+0000] {process_utils.py:190} INFO - DEBUG  |   staging.labeled_transactions.aggregation[0] [OK] 0:00:00.168417
[2024-04-30T00:27:14.171+0000] {process_utils.py:190} INFO - DEBUG  |   staging.labeled_transactions.transaction_id.duplicate_count [OK] 0:00:00.262008
[2024-04-30T00:27:14.171+0000] {process_utils.py:190} INFO - DEBUG  |   staging.labeled_transactions.duplicate_count[transaction_id].failed_rows.aggregated [OK] 0:00:00.192817
[2024-04-30T00:27:14.171+0000] {process_utils.py:190} INFO - DEBUG  |   staging.customer_transactions.aggregation[0] [OK] 0:00:00.144972
[2024-04-30T00:27:14.172+0000] {process_utils.py:190} INFO - DEBUG  |   staging.customer_transactions.transaction_id.duplicate_count [OK] 0:00:00.159210
[2024-04-30T00:27:14.172+0000] {process_utils.py:190} INFO - DEBUG  |   staging.customer_transactions.duplicate_count[transaction_id].failed_rows.aggregated [OK] 0:00:00.171723
[2024-04-30T00:27:14.172+0000] {process_utils.py:190} INFO - DEBUG  |   staging.labeled_transactions.schema[labeled_transactions] [OK] 0:00:01.172337
[2024-04-30T00:27:14.172+0000] {process_utils.py:190} INFO - DEBUG  |   staging.reference[transaction_id] [OK] 0:00:00.125848
[2024-04-30T00:27:14.173+0000] {process_utils.py:190} INFO - DEBUG  |   staging.customer_transactions.schema[customer_transactions] [OK] 0:00:00.945143
[2024-04-30T00:27:14.173+0000] {process_utils.py:190} INFO - INFO   | 13/13 checks PASSED:
[2024-04-30T00:27:14.173+0000] {process_utils.py:190} INFO - INFO   |     labeled_transactions in staging
[2024-04-30T00:27:14.173+0000] {process_utils.py:190} INFO - INFO   |       Table is empty [include/soda/checks/tables/labeled_transactions.yml] [PASSED]
[2024-04-30T00:27:14.174+0000] {process_utils.py:190} INFO - INFO   |         check_value: 289
[2024-04-30T00:27:14.174+0000] {process_utils.py:190} INFO - INFO   |       Schema Check [include/soda/checks/tables/labeled_transactions.yml] [PASSED]
[2024-04-30T00:27:14.174+0000] {process_utils.py:190} INFO - INFO   |         schema_measured = [_AIRBYTE_RAW_ID TEXT, _AIRBYTE_EXTRACTED_AT TIMESTAMP_TZ, _AIRBYTE_META VARIANT, IS_FRAUDULENT BOOLEAN, TRANSACTION_ID NUMBER, _AB_SOURCE_FILE_URL TEXT, _AB_SOURCE_FILE_LAST_MODIFIED TEXT]
[2024-04-30T00:27:14.174+0000] {process_utils.py:190} INFO - INFO   |       Transaction IDs dont match with reference table [include/soda/checks/tables/labeled_transactions.yml] [PASSED]
[2024-04-30T00:27:14.175+0000] {process_utils.py:190} INFO - INFO   |         value: 0
[2024-04-30T00:27:14.175+0000] {process_utils.py:190} INFO - INFO   |       Duplicate transaction ids [include/soda/checks/tables/labeled_transactions.yml] [PASSED]
[2024-04-30T00:27:14.175+0000] {process_utils.py:190} INFO - INFO   |         check_value: 0
[2024-04-30T00:27:14.175+0000] {process_utils.py:190} INFO - INFO   |       Transaction ids cannot be null [include/soda/checks/tables/labeled_transactions.yml] [PASSED]
[2024-04-30T00:27:14.176+0000] {process_utils.py:190} INFO - INFO   |         check_value: 0
[2024-04-30T00:27:14.176+0000] {process_utils.py:190} INFO - INFO   |       fraudulent values cannot be null [include/soda/checks/tables/labeled_transactions.yml] [PASSED]
[2024-04-30T00:27:14.176+0000] {process_utils.py:190} INFO - INFO   |         check_value: 0
[2024-04-30T00:27:14.176+0000] {process_utils.py:190} INFO - INFO   |     customer_transactions in staging
[2024-04-30T00:27:14.176+0000] {process_utils.py:190} INFO - INFO   |       Table is empty [include/soda/checks/tables/customer_transactions.yml] [PASSED]
[2024-04-30T00:27:14.177+0000] {process_utils.py:190} INFO - INFO   |         check_value: 289
[2024-04-30T00:27:14.177+0000] {process_utils.py:190} INFO - INFO   |       Schema Check [include/soda/checks/tables/customer_transactions.yml] [PASSED]
[2024-04-30T00:27:14.177+0000] {process_utils.py:190} INFO - INFO   |         schema_measured = [_AIRBYTE_RAW_ID TEXT, _AIRBYTE_EXTRACTED_AT TIMESTAMP_TZ, _AIRBYTE_META VARIANT, AMOUNT FLOAT, USER_ID NUMBER, TRANSACTION_ID NUMBER, TRANSACTION_DATE TEXT, _AB_SOURCE_FILE_URL TEXT, _AB_SOURCE_FILE_LAST_MODIFIED TEXT]
[2024-04-30T00:27:14.178+0000] {process_utils.py:190} INFO - INFO   |       Dupplicate transaction ids [include/soda/checks/tables/customer_transactions.yml] [PASSED]
[2024-04-30T00:27:14.178+0000] {process_utils.py:190} INFO - INFO   |         check_value: 0
[2024-04-30T00:27:14.178+0000] {process_utils.py:190} INFO - INFO   |       Transaction ids cannot be null [include/soda/checks/tables/customer_transactions.yml] [PASSED]
[2024-04-30T00:27:14.178+0000] {process_utils.py:190} INFO - INFO   |         check_value: 0
[2024-04-30T00:27:14.178+0000] {process_utils.py:190} INFO - INFO   |       User ids cannot be null [include/soda/checks/tables/customer_transactions.yml] [PASSED]
[2024-04-30T00:27:14.179+0000] {process_utils.py:190} INFO - INFO   |         check_value: 0
[2024-04-30T00:27:14.179+0000] {process_utils.py:190} INFO - INFO   |       Transaction dates cannot be null [include/soda/checks/tables/customer_transactions.yml] [PASSED]
[2024-04-30T00:27:14.179+0000] {process_utils.py:190} INFO - INFO   |         check_value: 0
[2024-04-30T00:27:14.179+0000] {process_utils.py:190} INFO - INFO   |       Amounts cannot be null [include/soda/checks/tables/customer_transactions.yml] [PASSED]
[2024-04-30T00:27:14.180+0000] {process_utils.py:190} INFO - INFO   |         check_value: 0
[2024-04-30T00:27:14.180+0000] {process_utils.py:190} INFO - INFO   | All is good. No failures. No warnings. No errors.
[2024-04-30T00:27:14.311+0000] {python.py:202} INFO - Done. Returned value was: None
[2024-04-30T00:27:14.318+0000] {taskinstance.py:1149} INFO - Marking task as SUCCESS. dag_id=customer_metrics, task_id=audit_customer_transactions, execution_date=20240429T000000, start_date=20240430T002708, end_date=20240430T002714
[2024-04-30T00:27:14.333+0000] {local_task_job_runner.py:234} INFO - Task exited with return code 0
[2024-04-30T00:27:14.349+0000] {taskinstance.py:3309} INFO - 1 downstream tasks scheduled from follow-on schedule check
