[2024-04-29T12:14:03.749+0000] {taskinstance.py:1979} INFO - Dependencies all met for dep_context=non-requeueable deps ti=<TaskInstance: customer_metrics.publish.customer_transactions_run scheduled__2024-04-28T00:00:00+00:00 [queued]>
[2024-04-29T12:14:03.755+0000] {taskinstance.py:1979} INFO - Dependencies all met for dep_context=requeueable deps ti=<TaskInstance: customer_metrics.publish.customer_transactions_run scheduled__2024-04-28T00:00:00+00:00 [queued]>
[2024-04-29T12:14:03.755+0000] {taskinstance.py:2193} INFO - Starting attempt 1 of 1
[2024-04-29T12:14:03.767+0000] {taskinstance.py:2214} INFO - Executing <Task(DbtRunLocalOperator): publish.customer_transactions_run> on 2024-04-28 00:00:00+00:00
[2024-04-29T12:14:03.773+0000] {standard_task_runner.py:60} INFO - Started process 3764 to run task
[2024-04-29T12:14:03.775+0000] {standard_task_runner.py:87} INFO - Running: ['airflow', 'tasks', 'run', 'customer_metrics', 'publish.customer_transactions_run', 'scheduled__2024-04-28T00:00:00+00:00', '--job-id', '18', '--raw', '--subdir', 'DAGS_FOLDER/customer_metrics.py', '--cfg-path', '/tmp/tmpu8fer9j6']
[2024-04-29T12:14:03.776+0000] {standard_task_runner.py:88} INFO - Job 18: Subtask publish.customer_transactions_run
[2024-04-29T12:14:03.813+0000] {task_command.py:423} INFO - Running <TaskInstance: customer_metrics.publish.customer_transactions_run scheduled__2024-04-28T00:00:00+00:00 [running]> on host 925dffa277c3
[2024-04-29T12:14:03.872+0000] {taskinstance.py:2510} INFO - Exporting env vars: AIRFLOW_CTX_DAG_OWNER='airflow' AIRFLOW_CTX_DAG_ID='customer_metrics' AIRFLOW_CTX_TASK_ID='publish.customer_transactions_run' AIRFLOW_CTX_EXECUTION_DATE='2024-04-28T00:00:00+00:00' AIRFLOW_CTX_TRY_NUMBER='1' AIRFLOW_CTX_DAG_RUN_ID='scheduled__2024-04-28T00:00:00+00:00'
[2024-04-29T12:14:03.873+0000] {local.py:202} INFO - Cloning project to writable temp directory /tmp/tmpb0gwxmtq from /opt/airflow/include/dbt/fraud
[2024-04-29T12:14:03.876+0000] {config.py:253} INFO - Using user-supplied profiles.yml at /opt/airflow/include/dbt/fraud/profiles.yml
[2024-04-29T12:14:03.876+0000] {local.py:235} INFO - Trying to run the command:
 ['/home/airflow/.local/bin/dbt', 'run', '--models', 'customer_transactions', '--profiles-dir', '/opt/airflow/include/dbt/fraud', '--profile', 'fraud', '--target', 'dev']
From /tmp/tmpb0gwxmtq
[2024-04-29T12:14:03.877+0000] {local.py:236} INFO - Using environment variables keys: dict_keys(['AIRFLOW_CTX_DAG_OWNER', 'AIRFLOW_CTX_DAG_ID', 'AIRFLOW_CTX_TASK_ID', 'AIRFLOW_CTX_EXECUTION_DATE', 'AIRFLOW_CTX_TRY_NUMBER', 'AIRFLOW_CTX_DAG_RUN_ID'])
[2024-04-29T12:14:03.877+0000] {subprocess.py:60} INFO - Tmp dir root location: 
 /tmp
[2024-04-29T12:14:03.878+0000] {subprocess.py:73} INFO - Running command: ['/home/airflow/.local/bin/dbt', 'run', '--models', 'customer_transactions', '--profiles-dir', '/opt/airflow/include/dbt/fraud', '--profile', 'fraud', '--target', 'dev']
[2024-04-29T12:14:03.887+0000] {subprocess.py:84} INFO - Command output:
[2024-04-29T12:14:05.646+0000] {subprocess.py:94} INFO - [0m12:14:05  Running with dbt=1.7.13
[2024-04-29T12:14:06.504+0000] {subprocess.py:94} INFO - [0m12:14:06  Registered adapter: snowflake=1.7.3
[2024-04-29T12:14:06.522+0000] {subprocess.py:94} INFO - [0m12:14:06  Unable to do partial parsing because saved manifest not found. Starting full parse.
[2024-04-29T12:14:07.522+0000] {subprocess.py:94} INFO - [0m12:14:07  Found 3 models, 0 sources, 0 exposures, 0 metrics, 430 macros, 0 groups, 0 semantic models
[2024-04-29T12:14:07.523+0000] {subprocess.py:94} INFO - [0m12:14:07
[2024-04-29T12:14:09.149+0000] {subprocess.py:94} INFO - [0m12:14:09  Concurrency: 1 threads (target='dev')
[2024-04-29T12:14:09.150+0000] {subprocess.py:94} INFO - [0m12:14:09
[2024-04-29T12:14:09.162+0000] {subprocess.py:94} INFO - [0m12:14:09  1 of 1 START sql table model prod.customer_transactions ........................ [RUN]
[2024-04-29T12:14:10.307+0000] {subprocess.py:94} INFO - [0m12:14:10  1 of 1 OK created sql table model prod.customer_transactions ................... [[32mSUCCESS 1[0m in 1.14s]
[2024-04-29T12:14:10.309+0000] {subprocess.py:94} INFO - [0m12:14:10
[2024-04-29T12:14:10.310+0000] {subprocess.py:94} INFO - [0m12:14:10  Finished running 1 table model in 0 hours 0 minutes and 2.79 seconds (2.79s).
[2024-04-29T12:14:10.318+0000] {subprocess.py:94} INFO - [0m12:14:10
[2024-04-29T12:14:10.319+0000] {subprocess.py:94} INFO - [0m12:14:10  [32mCompleted successfully[0m
[2024-04-29T12:14:10.319+0000] {subprocess.py:94} INFO - [0m12:14:10
[2024-04-29T12:14:10.320+0000] {subprocess.py:94} INFO - [0m12:14:10  Done. PASS=1 WARN=0 ERROR=0 SKIP=0 TOTAL=1
[2024-04-29T12:14:10.913+0000] {subprocess.py:98} INFO - Command exited with return code 0
[2024-04-29T12:14:10.921+0000] {local.py:138} WARNING - Artifact schema version: https://schemas.getdbt.com/dbt/manifest/v11.json is above dbt-ol supported version 7. This might cause errors.
[2024-04-29T12:14:10.926+0000] {local.py:252} INFO - Inlets: []
[2024-04-29T12:14:10.927+0000] {local.py:253} INFO - Outlets: [Dataset(uri='snowflake://grb43409.us-west-1.aws/AIRBYTE_DATABASE.prod.customer_transactions', extra=None)]
[2024-04-29T12:14:10.928+0000] {dag.py:3047} INFO - Sync 1 DAGs
[2024-04-29T12:14:10.946+0000] {dag.py:3834} INFO - Setting next_dagrun for customer_metrics to 2024-04-29 00:00:00+00:00, run_after=2024-04-30 00:00:00+00:00
[2024-04-29T12:14:10.970+0000] {local.py:371} INFO - [0m12:14:10  Done. PASS=1 WARN=0 ERROR=0 SKIP=0 TOTAL=1
[2024-04-29T12:14:10.974+0000] {logging_mixin.py:188} WARNING - /home/airflow/.local/lib/python3.8/site-packages/airflow/models/baseoperator.py:1469 RemovedInAirflow3Warning: Passing 'execution_date' to 'TaskInstance.xcom_push()' is deprecated.
[2024-04-29T12:14:10.994+0000] {taskinstance.py:1149} INFO - Marking task as SUCCESS. dag_id=customer_metrics, task_id=publish.customer_transactions_run, execution_date=20240428T000000, start_date=20240429T121403, end_date=20240429T121410
[2024-04-29T12:14:11.041+0000] {local_task_job_runner.py:234} INFO - Task exited with return code 0
[2024-04-29T12:14:11.052+0000] {taskinstance.py:3309} INFO - 0 downstream tasks scheduled from follow-on schedule check
