[2024-04-30T00:27:28.381+0000] {taskinstance.py:1979} INFO - Dependencies all met for dep_context=non-requeueable deps ti=<TaskInstance: customer_metrics.publish.customer_metrics_run scheduled__2024-04-29T00:00:00+00:00 [queued]>
[2024-04-30T00:27:28.480+0000] {taskinstance.py:1979} INFO - Dependencies all met for dep_context=requeueable deps ti=<TaskInstance: customer_metrics.publish.customer_metrics_run scheduled__2024-04-29T00:00:00+00:00 [queued]>
[2024-04-30T00:27:28.481+0000] {taskinstance.py:2193} INFO - Starting attempt 1 of 1
[2024-04-30T00:27:28.496+0000] {taskinstance.py:2214} INFO - Executing <Task(DbtRunLocalOperator): publish.customer_metrics_run> on 2024-04-29 00:00:00+00:00
[2024-04-30T00:27:28.500+0000] {standard_task_runner.py:60} INFO - Started process 1231 to run task
[2024-04-30T00:27:28.502+0000] {standard_task_runner.py:87} INFO - Running: ['airflow', 'tasks', 'run', 'customer_metrics', 'publish.customer_metrics_run', 'scheduled__2024-04-29T00:00:00+00:00', '--job-id', '53', '--raw', '--subdir', 'DAGS_FOLDER/customer_metrics.py', '--cfg-path', '/tmp/tmp4vj40b42']
[2024-04-30T00:27:28.503+0000] {standard_task_runner.py:88} INFO - Job 53: Subtask publish.customer_metrics_run
[2024-04-30T00:27:28.532+0000] {task_command.py:423} INFO - Running <TaskInstance: customer_metrics.publish.customer_metrics_run scheduled__2024-04-29T00:00:00+00:00 [running]> on host 925dffa277c3
[2024-04-30T00:27:28.585+0000] {taskinstance.py:2510} INFO - Exporting env vars: AIRFLOW_CTX_DAG_OWNER='airflow' AIRFLOW_CTX_DAG_ID='customer_metrics' AIRFLOW_CTX_TASK_ID='publish.customer_metrics_run' AIRFLOW_CTX_EXECUTION_DATE='2024-04-29T00:00:00+00:00' AIRFLOW_CTX_TRY_NUMBER='1' AIRFLOW_CTX_DAG_RUN_ID='scheduled__2024-04-29T00:00:00+00:00'
[2024-04-30T00:27:28.587+0000] {local.py:202} INFO - Cloning project to writable temp directory /tmp/tmpq4gh_uza from /opt/airflow/include/dbt/fraud
[2024-04-30T00:27:28.589+0000] {config.py:253} INFO - Using user-supplied profiles.yml at /opt/airflow/include/dbt/fraud/profiles.yml
[2024-04-30T00:27:28.590+0000] {local.py:235} INFO - Trying to run the command:
 ['/home/airflow/.local/bin/dbt', 'run', '--models', 'customer_metrics', '--profiles-dir', '/opt/airflow/include/dbt/fraud', '--profile', 'fraud', '--target', 'dev']
From /tmp/tmpq4gh_uza
[2024-04-30T00:27:28.590+0000] {local.py:236} INFO - Using environment variables keys: dict_keys(['AIRFLOW_CTX_DAG_OWNER', 'AIRFLOW_CTX_DAG_ID', 'AIRFLOW_CTX_TASK_ID', 'AIRFLOW_CTX_EXECUTION_DATE', 'AIRFLOW_CTX_TRY_NUMBER', 'AIRFLOW_CTX_DAG_RUN_ID'])
[2024-04-30T00:27:28.591+0000] {subprocess.py:60} INFO - Tmp dir root location: 
 /tmp
[2024-04-30T00:27:28.591+0000] {subprocess.py:73} INFO - Running command: ['/home/airflow/.local/bin/dbt', 'run', '--models', 'customer_metrics', '--profiles-dir', '/opt/airflow/include/dbt/fraud', '--profile', 'fraud', '--target', 'dev']
[2024-04-30T00:27:28.598+0000] {subprocess.py:84} INFO - Command output:
[2024-04-30T00:27:30.259+0000] {subprocess.py:94} INFO - [0m00:27:30  Running with dbt=1.7.13
[2024-04-30T00:27:31.048+0000] {subprocess.py:94} INFO - [0m00:27:31  Registered adapter: snowflake=1.7.3
[2024-04-30T00:27:31.062+0000] {subprocess.py:94} INFO - [0m00:27:31  Unable to do partial parsing because saved manifest not found. Starting full parse.
[2024-04-30T00:27:31.951+0000] {subprocess.py:94} INFO - [0m00:27:31  Found 3 models, 0 sources, 0 exposures, 0 metrics, 430 macros, 0 groups, 0 semantic models
[2024-04-30T00:27:31.952+0000] {subprocess.py:94} INFO - [0m00:27:31
[2024-04-30T00:27:33.161+0000] {subprocess.py:94} INFO - [0m00:27:33  Concurrency: 1 threads (target='dev')
[2024-04-30T00:27:33.162+0000] {subprocess.py:94} INFO - [0m00:27:33
[2024-04-30T00:27:33.166+0000] {subprocess.py:94} INFO - [0m00:27:33  1 of 1 START sql table model prod.customer_metrics ............................. [RUN]
[2024-04-30T00:27:34.605+0000] {subprocess.py:94} INFO - [0m00:27:34  1 of 1 OK created sql table model prod.customer_metrics ........................ [[32mSUCCESS 1[0m in 1.44s]
[2024-04-30T00:27:34.608+0000] {subprocess.py:94} INFO - [0m00:27:34
[2024-04-30T00:27:34.609+0000] {subprocess.py:94} INFO - [0m00:27:34  Finished running 1 table model in 0 hours 0 minutes and 2.66 seconds (2.66s).
[2024-04-30T00:27:34.616+0000] {subprocess.py:94} INFO - [0m00:27:34
[2024-04-30T00:27:34.617+0000] {subprocess.py:94} INFO - [0m00:27:34  [32mCompleted successfully[0m
[2024-04-30T00:27:34.617+0000] {subprocess.py:94} INFO - [0m00:27:34
[2024-04-30T00:27:34.618+0000] {subprocess.py:94} INFO - [0m00:27:34  Done. PASS=1 WARN=0 ERROR=0 SKIP=0 TOTAL=1
[2024-04-30T00:27:35.173+0000] {subprocess.py:98} INFO - Command exited with return code 0
[2024-04-30T00:27:35.184+0000] {local.py:138} WARNING - Artifact schema version: https://schemas.getdbt.com/dbt/manifest/v11.json is above dbt-ol supported version 7. This might cause errors.
[2024-04-30T00:27:35.188+0000] {local.py:252} INFO - Inlets: []
[2024-04-30T00:27:35.189+0000] {local.py:253} INFO - Outlets: [Dataset(uri='snowflake://grb43409.us-west-1.aws/AIRBYTE_DATABASE.prod.customer_metrics', extra=None)]
[2024-04-30T00:27:35.189+0000] {dag.py:3047} INFO - Sync 1 DAGs
[2024-04-30T00:27:35.208+0000] {dag.py:3834} INFO - Setting next_dagrun for customer_metrics to 2024-04-30 00:00:00+00:00, run_after=2024-05-01 00:00:00+00:00
[2024-04-30T00:27:35.229+0000] {local.py:371} INFO - [0m00:27:34  Done. PASS=1 WARN=0 ERROR=0 SKIP=0 TOTAL=1
[2024-04-30T00:27:35.233+0000] {logging_mixin.py:188} WARNING - /home/airflow/.local/lib/python3.8/site-packages/airflow/models/baseoperator.py:1469 RemovedInAirflow3Warning: Passing 'execution_date' to 'TaskInstance.xcom_push()' is deprecated.
[2024-04-30T00:27:35.251+0000] {taskinstance.py:1149} INFO - Marking task as SUCCESS. dag_id=customer_metrics, task_id=publish.customer_metrics_run, execution_date=20240429T000000, start_date=20240430T002728, end_date=20240430T002735
[2024-04-30T00:27:35.280+0000] {local_task_job_runner.py:234} INFO - Task exited with return code 0
[2024-04-30T00:27:35.289+0000] {taskinstance.py:3309} INFO - 0 downstream tasks scheduled from follow-on schedule check
