[2024-04-29T12:22:14.038+0000] {taskinstance.py:1979} INFO - Dependencies all met for dep_context=non-requeueable deps ti=<TaskInstance: customer_metrics.publish.labeled_transactions_run manual__2024-04-29T12:20:53.111722+00:00 [queued]>
[2024-04-29T12:22:14.044+0000] {taskinstance.py:1979} INFO - Dependencies all met for dep_context=requeueable deps ti=<TaskInstance: customer_metrics.publish.labeled_transactions_run manual__2024-04-29T12:20:53.111722+00:00 [queued]>
[2024-04-29T12:22:14.044+0000] {taskinstance.py:2193} INFO - Starting attempt 1 of 1
[2024-04-29T12:22:14.055+0000] {taskinstance.py:2214} INFO - Executing <Task(DbtRunLocalOperator): publish.labeled_transactions_run> on 2024-04-29 12:20:53.111722+00:00
[2024-04-29T12:22:14.061+0000] {standard_task_runner.py:60} INFO - Started process 5888 to run task
[2024-04-29T12:22:14.063+0000] {standard_task_runner.py:87} INFO - Running: ['airflow', 'tasks', 'run', 'customer_metrics', 'publish.labeled_transactions_run', 'manual__2024-04-29T12:20:53.111722+00:00', '--job-id', '29', '--raw', '--subdir', 'DAGS_FOLDER/customer_metrics.py', '--cfg-path', '/tmp/tmpz9kdhlj8']
[2024-04-29T12:22:14.064+0000] {standard_task_runner.py:88} INFO - Job 29: Subtask publish.labeled_transactions_run
[2024-04-29T12:22:14.094+0000] {task_command.py:423} INFO - Running <TaskInstance: customer_metrics.publish.labeled_transactions_run manual__2024-04-29T12:20:53.111722+00:00 [running]> on host 925dffa277c3
[2024-04-29T12:22:14.157+0000] {taskinstance.py:2510} INFO - Exporting env vars: AIRFLOW_CTX_DAG_OWNER='airflow' AIRFLOW_CTX_DAG_ID='customer_metrics' AIRFLOW_CTX_TASK_ID='publish.labeled_transactions_run' AIRFLOW_CTX_EXECUTION_DATE='2024-04-29T12:20:53.111722+00:00' AIRFLOW_CTX_TRY_NUMBER='1' AIRFLOW_CTX_DAG_RUN_ID='manual__2024-04-29T12:20:53.111722+00:00'
[2024-04-29T12:22:14.159+0000] {local.py:202} INFO - Cloning project to writable temp directory /tmp/tmpz7eembm2 from /opt/airflow/include/dbt/fraud
[2024-04-29T12:22:14.162+0000] {config.py:253} INFO - Using user-supplied profiles.yml at /opt/airflow/include/dbt/fraud/profiles.yml
[2024-04-29T12:22:14.163+0000] {local.py:235} INFO - Trying to run the command:
 ['/home/airflow/.local/bin/dbt', 'run', '--models', 'labeled_transactions', '--profiles-dir', '/opt/airflow/include/dbt/fraud', '--profile', 'fraud', '--target', 'dev']
From /tmp/tmpz7eembm2
[2024-04-29T12:22:14.163+0000] {local.py:236} INFO - Using environment variables keys: dict_keys(['AIRFLOW_CTX_DAG_OWNER', 'AIRFLOW_CTX_DAG_ID', 'AIRFLOW_CTX_TASK_ID', 'AIRFLOW_CTX_EXECUTION_DATE', 'AIRFLOW_CTX_TRY_NUMBER', 'AIRFLOW_CTX_DAG_RUN_ID'])
[2024-04-29T12:22:14.164+0000] {subprocess.py:60} INFO - Tmp dir root location: 
 /tmp
[2024-04-29T12:22:14.164+0000] {subprocess.py:73} INFO - Running command: ['/home/airflow/.local/bin/dbt', 'run', '--models', 'labeled_transactions', '--profiles-dir', '/opt/airflow/include/dbt/fraud', '--profile', 'fraud', '--target', 'dev']
[2024-04-29T12:22:14.174+0000] {subprocess.py:84} INFO - Command output:
[2024-04-29T12:22:16.311+0000] {subprocess.py:94} INFO - [0m12:22:16  Running with dbt=1.7.13
[2024-04-29T12:22:17.079+0000] {subprocess.py:94} INFO - [0m12:22:17  Registered adapter: snowflake=1.7.3
[2024-04-29T12:22:17.098+0000] {subprocess.py:94} INFO - [0m12:22:17  Unable to do partial parsing because saved manifest not found. Starting full parse.
[2024-04-29T12:22:18.110+0000] {subprocess.py:94} INFO - [0m12:22:18  Found 3 models, 0 sources, 0 exposures, 0 metrics, 430 macros, 0 groups, 0 semantic models
[2024-04-29T12:22:18.111+0000] {subprocess.py:94} INFO - [0m12:22:18
[2024-04-29T12:22:19.278+0000] {subprocess.py:94} INFO - [0m12:22:19  Concurrency: 1 threads (target='dev')
[2024-04-29T12:22:19.279+0000] {subprocess.py:94} INFO - [0m12:22:19
[2024-04-29T12:22:19.297+0000] {subprocess.py:94} INFO - [0m12:22:19  1 of 1 START sql table model prod.labeled_transactions ......................... [RUN]
[2024-04-29T12:22:20.666+0000] {subprocess.py:94} INFO - [0m12:22:20  1 of 1 OK created sql table model prod.labeled_transactions .................... [[32mSUCCESS 1[0m in 1.37s]
[2024-04-29T12:22:20.669+0000] {subprocess.py:94} INFO - [0m12:22:20
[2024-04-29T12:22:20.669+0000] {subprocess.py:94} INFO - [0m12:22:20  Finished running 1 table model in 0 hours 0 minutes and 2.56 seconds (2.56s).
[2024-04-29T12:22:20.679+0000] {subprocess.py:94} INFO - [0m12:22:20
[2024-04-29T12:22:20.680+0000] {subprocess.py:94} INFO - [0m12:22:20  [32mCompleted successfully[0m
[2024-04-29T12:22:20.680+0000] {subprocess.py:94} INFO - [0m12:22:20
[2024-04-29T12:22:20.680+0000] {subprocess.py:94} INFO - [0m12:22:20  Done. PASS=1 WARN=0 ERROR=0 SKIP=0 TOTAL=1
[2024-04-29T12:22:21.150+0000] {subprocess.py:98} INFO - Command exited with return code 0
[2024-04-29T12:22:21.159+0000] {local.py:138} WARNING - Artifact schema version: https://schemas.getdbt.com/dbt/manifest/v11.json is above dbt-ol supported version 7. This might cause errors.
[2024-04-29T12:22:21.164+0000] {local.py:252} INFO - Inlets: []
[2024-04-29T12:22:21.165+0000] {local.py:253} INFO - Outlets: [Dataset(uri='snowflake://grb43409.us-west-1.aws/AIRBYTE_DATABASE.prod.labeled_transactions', extra=None)]
[2024-04-29T12:22:21.165+0000] {dag.py:3047} INFO - Sync 1 DAGs
[2024-04-29T12:22:21.185+0000] {dag.py:3834} INFO - Setting next_dagrun for customer_metrics to 2024-04-29 00:00:00+00:00, run_after=2024-04-30 00:00:00+00:00
[2024-04-29T12:22:21.207+0000] {local.py:371} INFO - [0m12:22:20  Done. PASS=1 WARN=0 ERROR=0 SKIP=0 TOTAL=1
[2024-04-29T12:22:21.211+0000] {logging_mixin.py:188} WARNING - /home/airflow/.local/lib/python3.8/site-packages/airflow/models/baseoperator.py:1469 RemovedInAirflow3Warning: Passing 'execution_date' to 'TaskInstance.xcom_push()' is deprecated.
[2024-04-29T12:22:21.229+0000] {taskinstance.py:1149} INFO - Marking task as SUCCESS. dag_id=customer_metrics, task_id=publish.labeled_transactions_run, execution_date=20240429T122053, start_date=20240429T122214, end_date=20240429T122221
[2024-04-29T12:22:21.283+0000] {local_task_job_runner.py:234} INFO - Task exited with return code 0
[2024-04-29T12:22:21.294+0000] {taskinstance.py:3309} INFO - 0 downstream tasks scheduled from follow-on schedule check
