[2024-04-29T12:21:15.030+0000] {taskinstance.py:1979} INFO - Dependencies all met for dep_context=non-requeueable deps ti=<TaskInstance: customer_metrics.write_to_staging manual__2024-04-29T12:20:53.111722+00:00 [queued]>
[2024-04-29T12:21:15.035+0000] {taskinstance.py:1979} INFO - Dependencies all met for dep_context=requeueable deps ti=<TaskInstance: customer_metrics.write_to_staging manual__2024-04-29T12:20:53.111722+00:00 [queued]>
[2024-04-29T12:21:15.035+0000] {taskinstance.py:2193} INFO - Starting attempt 1 of 1
[2024-04-29T12:21:15.046+0000] {taskinstance.py:2214} INFO - Executing <Task(AirbyteTriggerSyncOperator): write_to_staging> on 2024-04-29 12:20:53.111722+00:00
[2024-04-29T12:21:15.051+0000] {standard_task_runner.py:60} INFO - Started process 5222 to run task
[2024-04-29T12:21:15.053+0000] {standard_task_runner.py:87} INFO - Running: ['airflow', 'tasks', 'run', 'customer_metrics', 'write_to_staging', 'manual__2024-04-29T12:20:53.111722+00:00', '--job-id', '22', '--raw', '--subdir', 'DAGS_FOLDER/customer_metrics.py', '--cfg-path', '/tmp/tmpp1396xad']
[2024-04-29T12:21:15.054+0000] {standard_task_runner.py:88} INFO - Job 22: Subtask write_to_staging
[2024-04-29T12:21:15.084+0000] {task_command.py:423} INFO - Running <TaskInstance: customer_metrics.write_to_staging manual__2024-04-29T12:20:53.111722+00:00 [running]> on host 925dffa277c3
[2024-04-29T12:21:15.135+0000] {taskinstance.py:2510} INFO - Exporting env vars: AIRFLOW_CTX_DAG_OWNER='airflow' AIRFLOW_CTX_DAG_ID='customer_metrics' AIRFLOW_CTX_TASK_ID='write_to_staging' AIRFLOW_CTX_EXECUTION_DATE='2024-04-29T12:20:53.111722+00:00' AIRFLOW_CTX_TRY_NUMBER='1' AIRFLOW_CTX_DAG_RUN_ID='manual__2024-04-29T12:20:53.111722+00:00'
[2024-04-29T12:21:15.141+0000] {base.py:83} INFO - Using connection ID 'airbyte' for task execution.
[2024-04-29T12:21:15.659+0000] {airbyte.py:86} INFO - Job 32 was submitted to Airbyte Server
[2024-04-29T12:21:15.659+0000] {airbyte.py:88} INFO - Waiting for job 32 to complete
[2024-04-29T12:21:18.668+0000] {base.py:83} INFO - Using connection ID 'airbyte' for task execution.
[2024-04-29T12:21:21.686+0000] {base.py:83} INFO - Using connection ID 'airbyte' for task execution.
[2024-04-29T12:21:24.697+0000] {base.py:83} INFO - Using connection ID 'airbyte' for task execution.
[2024-04-29T12:21:27.715+0000] {base.py:83} INFO - Using connection ID 'airbyte' for task execution.
[2024-04-29T12:21:30.734+0000] {base.py:83} INFO - Using connection ID 'airbyte' for task execution.
[2024-04-29T12:21:33.752+0000] {base.py:83} INFO - Using connection ID 'airbyte' for task execution.
[2024-04-29T12:21:36.771+0000] {base.py:83} INFO - Using connection ID 'airbyte' for task execution.
[2024-04-29T12:21:36.780+0000] {airbyte.py:112} INFO - Job 32 completed successfully
[2024-04-29T12:21:36.800+0000] {taskinstance.py:1149} INFO - Marking task as SUCCESS. dag_id=customer_metrics, task_id=write_to_staging, execution_date=20240429T122053, start_date=20240429T122115, end_date=20240429T122136
[2024-04-29T12:21:36.843+0000] {local_task_job_runner.py:234} INFO - Task exited with return code 0
[2024-04-29T12:21:36.863+0000] {taskinstance.py:3309} INFO - 1 downstream tasks scheduled from follow-on schedule check
