[2024-04-30T00:26:29.831+0000] {taskinstance.py:1979} INFO - Dependencies all met for dep_context=non-requeueable deps ti=<TaskInstance: customer_metrics.write_to_staging scheduled__2024-04-29T00:00:00+00:00 [queued]>
[2024-04-30T00:26:29.928+0000] {taskinstance.py:1979} INFO - Dependencies all met for dep_context=requeueable deps ti=<TaskInstance: customer_metrics.write_to_staging scheduled__2024-04-29T00:00:00+00:00 [queued]>
[2024-04-30T00:26:29.929+0000] {taskinstance.py:2193} INFO - Starting attempt 1 of 1
[2024-04-30T00:26:29.940+0000] {taskinstance.py:2214} INFO - Executing <Task(AirbyteTriggerSyncOperator): write_to_staging> on 2024-04-29 00:00:00+00:00
[2024-04-30T00:26:29.944+0000] {standard_task_runner.py:60} INFO - Started process 495 to run task
[2024-04-30T00:26:29.945+0000] {standard_task_runner.py:87} INFO - Running: ['airflow', 'tasks', 'run', 'customer_metrics', 'write_to_staging', 'scheduled__2024-04-29T00:00:00+00:00', '--job-id', '46', '--raw', '--subdir', 'DAGS_FOLDER/customer_metrics.py', '--cfg-path', '/tmp/tmp0kx6bp6v']
[2024-04-30T00:26:29.947+0000] {standard_task_runner.py:88} INFO - Job 46: Subtask write_to_staging
[2024-04-30T00:26:29.976+0000] {task_command.py:423} INFO - Running <TaskInstance: customer_metrics.write_to_staging scheduled__2024-04-29T00:00:00+00:00 [running]> on host 925dffa277c3
[2024-04-30T00:26:30.026+0000] {taskinstance.py:2510} INFO - Exporting env vars: AIRFLOW_CTX_DAG_OWNER='airflow' AIRFLOW_CTX_DAG_ID='customer_metrics' AIRFLOW_CTX_TASK_ID='write_to_staging' AIRFLOW_CTX_EXECUTION_DATE='2024-04-29T00:00:00+00:00' AIRFLOW_CTX_TRY_NUMBER='1' AIRFLOW_CTX_DAG_RUN_ID='scheduled__2024-04-29T00:00:00+00:00'
[2024-04-30T00:26:30.033+0000] {base.py:83} INFO - Using connection ID 'airbyte' for task execution.
[2024-04-30T00:26:30.403+0000] {airbyte.py:86} INFO - Job 38 was submitted to Airbyte Server
[2024-04-30T00:26:30.403+0000] {airbyte.py:88} INFO - Waiting for job 38 to complete
[2024-04-30T00:26:33.411+0000] {base.py:83} INFO - Using connection ID 'airbyte' for task execution.
[2024-04-30T00:26:36.427+0000] {base.py:83} INFO - Using connection ID 'airbyte' for task execution.
[2024-04-30T00:26:39.445+0000] {base.py:83} INFO - Using connection ID 'airbyte' for task execution.
[2024-04-30T00:26:42.461+0000] {base.py:83} INFO - Using connection ID 'airbyte' for task execution.
[2024-04-30T00:26:45.479+0000] {base.py:83} INFO - Using connection ID 'airbyte' for task execution.
[2024-04-30T00:26:48.506+0000] {base.py:83} INFO - Using connection ID 'airbyte' for task execution.
[2024-04-30T00:26:51.525+0000] {base.py:83} INFO - Using connection ID 'airbyte' for task execution.
[2024-04-30T00:26:54.542+0000] {base.py:83} INFO - Using connection ID 'airbyte' for task execution.
[2024-04-30T00:26:54.565+0000] {airbyte.py:112} INFO - Job 38 completed successfully
[2024-04-30T00:26:54.582+0000] {taskinstance.py:1149} INFO - Marking task as SUCCESS. dag_id=customer_metrics, task_id=write_to_staging, execution_date=20240429T000000, start_date=20240430T002629, end_date=20240430T002654
[2024-04-30T00:26:54.632+0000] {local_task_job_runner.py:234} INFO - Task exited with return code 0
[2024-04-30T00:26:54.649+0000] {taskinstance.py:3309} INFO - 1 downstream tasks scheduled from follow-on schedule check
