[2024-04-29T12:21:52.258+0000] {taskinstance.py:1979} INFO - Dependencies all met for dep_context=non-requeueable deps ti=<TaskInstance: customer_metrics.audit_customer_transactions manual__2024-04-29T12:20:53.111722+00:00 [queued]>
[2024-04-29T12:21:52.264+0000] {taskinstance.py:1979} INFO - Dependencies all met for dep_context=requeueable deps ti=<TaskInstance: customer_metrics.audit_customer_transactions manual__2024-04-29T12:20:53.111722+00:00 [queued]>
[2024-04-29T12:21:52.264+0000] {taskinstance.py:2193} INFO - Starting attempt 1 of 1
[2024-04-29T12:21:52.275+0000] {taskinstance.py:2214} INFO - Executing <Task(_PythonExternalDecoratedOperator): audit_customer_transactions> on 2024-04-29 12:20:53.111722+00:00
[2024-04-29T12:21:52.280+0000] {standard_task_runner.py:60} INFO - Started process 5527 to run task
[2024-04-29T12:21:52.282+0000] {standard_task_runner.py:87} INFO - Running: ['airflow', 'tasks', 'run', 'customer_metrics', 'audit_customer_transactions', 'manual__2024-04-29T12:20:53.111722+00:00', '--job-id', '24', '--raw', '--subdir', 'DAGS_FOLDER/customer_metrics.py', '--cfg-path', '/tmp/tmp13dtf6hq']
[2024-04-29T12:21:52.283+0000] {standard_task_runner.py:88} INFO - Job 24: Subtask audit_customer_transactions
[2024-04-29T12:21:52.314+0000] {task_command.py:423} INFO - Running <TaskInstance: customer_metrics.audit_customer_transactions manual__2024-04-29T12:20:53.111722+00:00 [running]> on host 925dffa277c3
[2024-04-29T12:21:52.365+0000] {taskinstance.py:2510} INFO - Exporting env vars: AIRFLOW_CTX_DAG_OWNER='airflow' AIRFLOW_CTX_DAG_ID='customer_metrics' AIRFLOW_CTX_TASK_ID='audit_customer_transactions' AIRFLOW_CTX_EXECUTION_DATE='2024-04-29T12:20:53.111722+00:00' AIRFLOW_CTX_TRY_NUMBER='1' AIRFLOW_CTX_DAG_RUN_ID='manual__2024-04-29T12:20:53.111722+00:00'
[2024-04-29T12:21:52.395+0000] {python.py:913} WARNING - When checking for Airflow installed in virtual environment got Command '['/opt/airflow/soda_venv/bin/python', '-c', 'from airflow import __version__; print(__version__)']' returned non-zero exit status 1.
[2024-04-29T12:21:52.395+0000] {python.py:914} WARNING - This means that Airflow is not properly installed by  /opt/airflow/soda_venv/bin/python. Airflow context keys will not be available. Please Install Airflow 2.8.2 in your environment to access them.
[2024-04-29T12:21:52.442+0000] {process_utils.py:182} INFO - Executing cmd: /opt/airflow/soda_venv/bin/python /tmp/venv-callid0yt16m/script.py /tmp/venv-callid0yt16m/script.in /tmp/venv-callid0yt16m/script.out /tmp/venv-callid0yt16m/string_args.txt /tmp/venv-callid0yt16m/termination.log
[2024-04-29T12:21:52.449+0000] {process_utils.py:186} INFO - Output:
[2024-04-29T12:21:58.308+0000] {process_utils.py:190} INFO - Running Soda Scan ...
[2024-04-29T12:21:58.308+0000] {process_utils.py:190} INFO - INFO   | Soda Core 3.2.2
[2024-04-29T12:21:58.308+0000] {process_utils.py:190} INFO - DEBUG  | Reading configuration file "include/soda/configuration.yml"
[2024-04-29T12:21:58.309+0000] {process_utils.py:190} INFO - DEBUG  | Reading SodaCL file "include/soda/checks/tables/labeled_transactions.yml"
[2024-04-29T12:21:58.309+0000] {process_utils.py:190} INFO - DEBUG  | Reading SodaCL file "include/soda/checks/tables/customer_transactions.yml"
[2024-04-29T12:21:58.309+0000] {process_utils.py:190} INFO - DEBUG  | Scan execution starts
[2024-04-29T12:21:58.310+0000] {process_utils.py:190} INFO - DEBUG  | Query staging.labeled_transactions.aggregation[0]:
[2024-04-29T12:21:58.310+0000] {process_utils.py:190} INFO - SELECT
[2024-04-29T12:21:58.310+0000] {process_utils.py:190} INFO -   COUNT(*),
[2024-04-29T12:21:58.310+0000] {process_utils.py:190} INFO -   COUNT(CASE WHEN transaction_id IS NULL THEN 1 END),
[2024-04-29T12:21:58.311+0000] {process_utils.py:190} INFO -   COUNT(CASE WHEN is_fraudulent IS NULL THEN 1 END)
[2024-04-29T12:21:58.311+0000] {process_utils.py:190} INFO - FROM AIRBYTE_DATABASE.STAGING.labeled_transactions
[2024-04-29T12:21:58.311+0000] {process_utils.py:190} INFO - DEBUG  | Query staging.labeled_transactions.transaction_id.duplicate_count:
[2024-04-29T12:21:58.312+0000] {process_utils.py:190} INFO - 
[2024-04-29T12:21:58.312+0000] {process_utils.py:190} INFO - WITH frequencies AS (
[2024-04-29T12:21:58.312+0000] {process_utils.py:190} INFO -     SELECT COUNT(*) AS frequency
[2024-04-29T12:21:58.312+0000] {process_utils.py:190} INFO -     FROM AIRBYTE_DATABASE.STAGING.labeled_transactions
[2024-04-29T12:21:58.313+0000] {process_utils.py:190} INFO -     WHERE transaction_id IS NOT NULL
[2024-04-29T12:21:58.313+0000] {process_utils.py:190} INFO -     GROUP BY transaction_id)
[2024-04-29T12:21:58.313+0000] {process_utils.py:190} INFO - SELECT COUNT(*)
[2024-04-29T12:21:58.313+0000] {process_utils.py:190} INFO - FROM frequencies
[2024-04-29T12:21:58.314+0000] {process_utils.py:190} INFO - WHERE frequency > 1
[2024-04-29T12:21:58.314+0000] {process_utils.py:190} INFO - DEBUG  | Query staging.labeled_transactions.duplicate_count[transaction_id].failed_rows.aggregated:
[2024-04-29T12:21:58.314+0000] {process_utils.py:190} INFO - 
[2024-04-29T12:21:58.314+0000] {process_utils.py:190} INFO - WITH frequencies AS (
[2024-04-29T12:21:58.315+0000] {process_utils.py:190} INFO -     SELECT transaction_id, COUNT(*) AS frequency
[2024-04-29T12:21:58.315+0000] {process_utils.py:190} INFO -     FROM AIRBYTE_DATABASE.STAGING.labeled_transactions
[2024-04-29T12:21:58.315+0000] {process_utils.py:190} INFO -     WHERE transaction_id IS NOT NULL
[2024-04-29T12:21:58.316+0000] {process_utils.py:190} INFO -     GROUP BY transaction_id)
[2024-04-29T12:21:58.316+0000] {process_utils.py:190} INFO - SELECT *
[2024-04-29T12:21:58.316+0000] {process_utils.py:190} INFO - FROM frequencies
[2024-04-29T12:21:58.316+0000] {process_utils.py:190} INFO - WHERE frequency > 1
[2024-04-29T12:21:58.317+0000] {process_utils.py:190} INFO - ORDER BY frequency DESC
[2024-04-29T12:21:58.317+0000] {process_utils.py:190} INFO - LIMIT 100
[2024-04-29T12:21:58.317+0000] {process_utils.py:190} INFO - DEBUG  | Query staging.customer_transactions.aggregation[0]:
[2024-04-29T12:21:58.317+0000] {process_utils.py:190} INFO - SELECT
[2024-04-29T12:21:58.318+0000] {process_utils.py:190} INFO -   COUNT(*),
[2024-04-29T12:21:58.318+0000] {process_utils.py:190} INFO -   COUNT(CASE WHEN transaction_id IS NULL THEN 1 END),
[2024-04-29T12:21:58.318+0000] {process_utils.py:190} INFO -   COUNT(CASE WHEN user_id IS NULL THEN 1 END),
[2024-04-29T12:21:58.319+0000] {process_utils.py:190} INFO -   COUNT(CASE WHEN transaction_date IS NULL THEN 1 END),
[2024-04-29T12:21:58.319+0000] {process_utils.py:190} INFO -   COUNT(CASE WHEN amount IS NULL THEN 1 END)
[2024-04-29T12:21:58.319+0000] {process_utils.py:190} INFO - FROM AIRBYTE_DATABASE.STAGING.customer_transactions
[2024-04-29T12:21:58.319+0000] {process_utils.py:190} INFO - DEBUG  | Query staging.customer_transactions.transaction_id.duplicate_count:
[2024-04-29T12:21:58.320+0000] {process_utils.py:190} INFO - 
[2024-04-29T12:21:58.320+0000] {process_utils.py:190} INFO - WITH frequencies AS (
[2024-04-29T12:21:58.320+0000] {process_utils.py:190} INFO -     SELECT COUNT(*) AS frequency
[2024-04-29T12:21:58.320+0000] {process_utils.py:190} INFO -     FROM AIRBYTE_DATABASE.STAGING.customer_transactions
[2024-04-29T12:21:58.321+0000] {process_utils.py:190} INFO -     WHERE transaction_id IS NOT NULL
[2024-04-29T12:21:58.321+0000] {process_utils.py:190} INFO -     GROUP BY transaction_id)
[2024-04-29T12:21:58.321+0000] {process_utils.py:190} INFO - SELECT COUNT(*)
[2024-04-29T12:21:58.321+0000] {process_utils.py:190} INFO - FROM frequencies
[2024-04-29T12:21:58.322+0000] {process_utils.py:190} INFO - WHERE frequency > 1
[2024-04-29T12:21:58.322+0000] {process_utils.py:190} INFO - DEBUG  | Query staging.customer_transactions.duplicate_count[transaction_id].failed_rows.aggregated:
[2024-04-29T12:21:58.322+0000] {process_utils.py:190} INFO - 
[2024-04-29T12:21:58.323+0000] {process_utils.py:190} INFO - WITH frequencies AS (
[2024-04-29T12:21:58.323+0000] {process_utils.py:190} INFO -     SELECT transaction_id, COUNT(*) AS frequency
[2024-04-29T12:21:58.323+0000] {process_utils.py:190} INFO -     FROM AIRBYTE_DATABASE.STAGING.customer_transactions
[2024-04-29T12:21:58.323+0000] {process_utils.py:190} INFO -     WHERE transaction_id IS NOT NULL
[2024-04-29T12:21:58.324+0000] {process_utils.py:190} INFO -     GROUP BY transaction_id)
[2024-04-29T12:21:58.324+0000] {process_utils.py:190} INFO - SELECT *
[2024-04-29T12:21:58.324+0000] {process_utils.py:190} INFO - FROM frequencies
[2024-04-29T12:21:58.324+0000] {process_utils.py:190} INFO - WHERE frequency > 1
[2024-04-29T12:21:58.325+0000] {process_utils.py:190} INFO - ORDER BY frequency DESC
[2024-04-29T12:21:58.325+0000] {process_utils.py:190} INFO - LIMIT 100
[2024-04-29T12:21:58.325+0000] {process_utils.py:190} INFO - DEBUG  | Query staging.labeled_transactions.schema[labeled_transactions]:
[2024-04-29T12:21:58.326+0000] {process_utils.py:190} INFO - SELECT column_name, data_type, is_nullable
[2024-04-29T12:21:58.326+0000] {process_utils.py:190} INFO - FROM information_schema.columns
[2024-04-29T12:21:58.326+0000] {process_utils.py:190} INFO - WHERE upper(table_name) = 'LABELED_TRANSACTIONS'
[2024-04-29T12:21:58.326+0000] {process_utils.py:190} INFO -   AND upper(table_catalog) = 'AIRBYTE_DATABASE'
[2024-04-29T12:21:58.327+0000] {process_utils.py:190} INFO -   AND upper(table_schema) = 'STAGING'
[2024-04-29T12:21:58.327+0000] {process_utils.py:190} INFO - ORDER BY ORDINAL_POSITION
[2024-04-29T12:21:58.327+0000] {process_utils.py:190} INFO - DEBUG  | Query staging.reference[transaction_id]:
[2024-04-29T12:21:58.327+0000] {process_utils.py:190} INFO - 
[2024-04-29T12:21:58.328+0000] {process_utils.py:190} INFO - SELECT COUNT(*)
[2024-04-29T12:21:58.328+0000] {process_utils.py:190} INFO -     FROM AIRBYTE_DATABASE.STAGING.labeled_transactions  SOURCE
[2024-04-29T12:21:58.328+0000] {process_utils.py:190} INFO -     LEFT JOIN AIRBYTE_DATABASE.STAGING.customer_transactions TARGET on SOURCE.transaction_id = TARGET.transaction_id
[2024-04-29T12:21:58.329+0000] {process_utils.py:190} INFO - WHERE (SOURCE.transaction_id IS NOT NULL AND TARGET.transaction_id IS  NULL)
[2024-04-29T12:21:58.329+0000] {process_utils.py:190} INFO - DEBUG  | Query staging.customer_transactions.schema[customer_transactions]:
[2024-04-29T12:21:58.329+0000] {process_utils.py:190} INFO - SELECT column_name, data_type, is_nullable
[2024-04-29T12:21:58.329+0000] {process_utils.py:190} INFO - FROM information_schema.columns
[2024-04-29T12:21:58.330+0000] {process_utils.py:190} INFO - WHERE upper(table_name) = 'CUSTOMER_TRANSACTIONS'
[2024-04-29T12:21:58.330+0000] {process_utils.py:190} INFO -   AND upper(table_catalog) = 'AIRBYTE_DATABASE'
[2024-04-29T12:21:58.330+0000] {process_utils.py:190} INFO -   AND upper(table_schema) = 'STAGING'
[2024-04-29T12:21:58.330+0000] {process_utils.py:190} INFO - ORDER BY ORDINAL_POSITION
[2024-04-29T12:21:58.331+0000] {process_utils.py:190} INFO - INFO   | Scan summary:
[2024-04-29T12:21:58.331+0000] {process_utils.py:190} INFO - DEBUG  | 9/9 queries OK
[2024-04-29T12:21:58.331+0000] {process_utils.py:190} INFO - DEBUG  |   staging.labeled_transactions.aggregation[0] [OK] 0:00:01.365153
[2024-04-29T12:21:58.331+0000] {process_utils.py:190} INFO - DEBUG  |   staging.labeled_transactions.transaction_id.duplicate_count [OK] 0:00:00.311583
[2024-04-29T12:21:58.332+0000] {process_utils.py:190} INFO - DEBUG  |   staging.labeled_transactions.duplicate_count[transaction_id].failed_rows.aggregated [OK] 0:00:00.103079
[2024-04-29T12:21:58.332+0000] {process_utils.py:190} INFO - DEBUG  |   staging.customer_transactions.aggregation[0] [OK] 0:00:00.124242
[2024-04-29T12:21:58.332+0000] {process_utils.py:190} INFO - DEBUG  |   staging.customer_transactions.transaction_id.duplicate_count [OK] 0:00:00.115469
[2024-04-29T12:21:58.333+0000] {process_utils.py:190} INFO - DEBUG  |   staging.customer_transactions.duplicate_count[transaction_id].failed_rows.aggregated [OK] 0:00:00.581052
[2024-04-29T12:21:58.333+0000] {process_utils.py:190} INFO - DEBUG  |   staging.labeled_transactions.schema[labeled_transactions] [OK] 0:00:00.823361
[2024-04-29T12:21:58.333+0000] {process_utils.py:190} INFO - DEBUG  |   staging.reference[transaction_id] [OK] 0:00:00.265867
[2024-04-29T12:21:58.333+0000] {process_utils.py:190} INFO - DEBUG  |   staging.customer_transactions.schema[customer_transactions] [OK] 0:00:00.874813
[2024-04-29T12:21:58.334+0000] {process_utils.py:190} INFO - INFO   | 13/13 checks PASSED:
[2024-04-29T12:21:58.334+0000] {process_utils.py:190} INFO - INFO   |     labeled_transactions in staging
[2024-04-29T12:21:58.334+0000] {process_utils.py:190} INFO - INFO   |       Table is empty [include/soda/checks/tables/labeled_transactions.yml] [PASSED]
[2024-04-29T12:21:58.335+0000] {process_utils.py:190} INFO - INFO   |         check_value: 132
[2024-04-29T12:21:58.335+0000] {process_utils.py:190} INFO - INFO   |       Schema Check [include/soda/checks/tables/labeled_transactions.yml] [PASSED]
[2024-04-29T12:21:58.335+0000] {process_utils.py:190} INFO - INFO   |         schema_measured = [_AIRBYTE_RAW_ID TEXT, _AIRBYTE_EXTRACTED_AT TIMESTAMP_TZ, _AIRBYTE_META VARIANT, IS_FRAUDULENT BOOLEAN, TRANSACTION_ID NUMBER, _AB_SOURCE_FILE_URL TEXT, _AB_SOURCE_FILE_LAST_MODIFIED TEXT]
[2024-04-29T12:21:58.336+0000] {process_utils.py:190} INFO - INFO   |       Transaction IDs dont match with reference table [include/soda/checks/tables/labeled_transactions.yml] [PASSED]
[2024-04-29T12:21:58.336+0000] {process_utils.py:190} INFO - INFO   |         value: 0
[2024-04-29T12:21:58.336+0000] {process_utils.py:190} INFO - INFO   |       Duplicate transaction ids [include/soda/checks/tables/labeled_transactions.yml] [PASSED]
[2024-04-29T12:21:58.337+0000] {process_utils.py:190} INFO - INFO   |         check_value: 0
[2024-04-29T12:21:58.337+0000] {process_utils.py:190} INFO - INFO   |       Transaction ids cannot be null [include/soda/checks/tables/labeled_transactions.yml] [PASSED]
[2024-04-29T12:21:58.337+0000] {process_utils.py:190} INFO - INFO   |         check_value: 0
[2024-04-29T12:21:58.338+0000] {process_utils.py:190} INFO - INFO   |       fraudulent values cannot be null [include/soda/checks/tables/labeled_transactions.yml] [PASSED]
[2024-04-29T12:21:58.338+0000] {process_utils.py:190} INFO - INFO   |         check_value: 0
[2024-04-29T12:21:58.338+0000] {process_utils.py:190} INFO - INFO   |     customer_transactions in staging
[2024-04-29T12:21:58.339+0000] {process_utils.py:190} INFO - INFO   |       Table is empty [include/soda/checks/tables/customer_transactions.yml] [PASSED]
[2024-04-29T12:21:58.339+0000] {process_utils.py:190} INFO - INFO   |         check_value: 132
[2024-04-29T12:21:58.339+0000] {process_utils.py:190} INFO - INFO   |       Schema Check [include/soda/checks/tables/customer_transactions.yml] [PASSED]
[2024-04-29T12:21:58.340+0000] {process_utils.py:190} INFO - INFO   |         schema_measured = [_AIRBYTE_RAW_ID TEXT, _AIRBYTE_EXTRACTED_AT TIMESTAMP_TZ, _AIRBYTE_META VARIANT, AMOUNT FLOAT, USER_ID NUMBER, TRANSACTION_ID NUMBER, TRANSACTION_DATE TEXT, _AB_SOURCE_FILE_URL TEXT, _AB_SOURCE_FILE_LAST_MODIFIED TEXT]
[2024-04-29T12:21:58.340+0000] {process_utils.py:190} INFO - INFO   |       Dupplicate transaction ids [include/soda/checks/tables/customer_transactions.yml] [PASSED]
[2024-04-29T12:21:58.340+0000] {process_utils.py:190} INFO - INFO   |         check_value: 0
[2024-04-29T12:21:58.340+0000] {process_utils.py:190} INFO - INFO   |       Transaction ids cannot be null [include/soda/checks/tables/customer_transactions.yml] [PASSED]
[2024-04-29T12:21:58.341+0000] {process_utils.py:190} INFO - INFO   |         check_value: 0
[2024-04-29T12:21:58.341+0000] {process_utils.py:190} INFO - INFO   |       User ids cannot be null [include/soda/checks/tables/customer_transactions.yml] [PASSED]
[2024-04-29T12:21:58.341+0000] {process_utils.py:190} INFO - INFO   |         check_value: 0
[2024-04-29T12:21:58.342+0000] {process_utils.py:190} INFO - INFO   |       Transaction dates cannot be null [include/soda/checks/tables/customer_transactions.yml] [PASSED]
[2024-04-29T12:21:58.342+0000] {process_utils.py:190} INFO - INFO   |         check_value: 0
[2024-04-29T12:21:58.342+0000] {process_utils.py:190} INFO - INFO   |       Amounts cannot be null [include/soda/checks/tables/customer_transactions.yml] [PASSED]
[2024-04-29T12:21:58.342+0000] {process_utils.py:190} INFO - INFO   |         check_value: 0
[2024-04-29T12:21:58.343+0000] {process_utils.py:190} INFO - INFO   | All is good. No failures. No warnings. No errors.
[2024-04-29T12:21:58.433+0000] {python.py:202} INFO - Done. Returned value was: None
[2024-04-29T12:21:58.443+0000] {taskinstance.py:1149} INFO - Marking task as SUCCESS. dag_id=customer_metrics, task_id=audit_customer_transactions, execution_date=20240429T122053, start_date=20240429T122152, end_date=20240429T122158
[2024-04-29T12:21:58.471+0000] {local_task_job_runner.py:234} INFO - Task exited with return code 0
[2024-04-29T12:21:58.488+0000] {taskinstance.py:3309} INFO - 0 downstream tasks scheduled from follow-on schedule check
